<?xml version="1.0" encoding="UTF-8"?>
<!-- Generated by org.testng.reporters.JUnitReportReporter -->
<testsuite hostname="LAPTOP-OOJD2GM0" failures="0" tests="1" name="com.userinterface.TextAlligenment$LoginTest" time="9.642" errors="0" timestamp="2023-07-14T12:53:52 IST" skipped="0">
  <testcase classname="com.userinterface.TextAlligenment$LoginTest" name="Alligen" time="9.642"/>
  <system-out/>
</testsuite> <!-- com.userinterface.TextAlligenment$LoginTest -->
