<?xml version="1.0" encoding="UTF-8"?>
<!-- Generated by org.testng.reporters.JUnitReportReporter -->
<testsuite hostname="LAPTOP-OOJD2GM0" failures="0" tests="1" name="com.userinterface.ZoomInZoomOut" time="7.581" errors="0" timestamp="2023-07-14T12:29:55 IST" skipped="0">
  <testcase classname="com.userinterface.ZoomInZoomOut" name="getValidateZoom" time="7.581"/>
  <system-out/>
</testsuite> <!-- com.userinterface.ZoomInZoomOut -->
