<?xml version="1.0" encoding="UTF-8"?>
<!-- Generated by org.testng.reporters.JUnitReportReporter -->
<testsuite hostname="LAPTOP-OOJD2GM0" failures="0" tests="2" name="com.userinterface.LoginTest" time="14.565" errors="0" timestamp="2023-07-13T23:47:31 IST" skipped="0">
  <testcase classname="com.userinterface.LoginTest" name="setUp" time="9.780"/>
  <system-out/>
  <testcase classname="com.userinterface.LoginTest" name="Validation" time="4.785"/>
  <system-out/>
</testsuite> <!-- com.userinterface.LoginTest -->
