<?xml version="1.0" encoding="UTF-8"?>
<!-- Generated by org.testng.reporters.JUnitReportReporter -->
<testsuite hostname="LAPTOP-OOJD2GM0" failures="0" tests="1" name="com.userinterface.ValidateFont" time="12.480" errors="0" timestamp="2023-07-14T11:56:52 IST" skipped="0">
  <testcase classname="com.userinterface.ValidateFont" name="getValidateTheFont" time="12.480"/>
  <system-out/>
</testsuite> <!-- com.userinterface.ValidateFont -->
