<?xml version="1.0" encoding="UTF-8"?>
<!-- Generated by org.testng.reporters.JUnitReportReporter -->
<testsuite hostname="LAPTOP-OOJD2GM0" failures="0" tests="3" name="com.userinterface.ScrollbarValidations" time="12.153" errors="0" timestamp="2023-07-14T15:35:05 IST" skipped="0">
  <testcase classname="com.userinterface.ScrollbarValidations" name="setUp" time="12.024"/>
  <system-out/>
  <testcase classname="com.userinterface.ScrollbarValidations" name="testVerticalScrollbar" time="0.075"/>
  <system-out/>
  <testcase classname="com.userinterface.ScrollbarValidations" name="testHorizontalScrollbar" time="0.054"/>
  <system-out/>
</testsuite> <!-- com.userinterface.ScrollbarValidations -->
