<?xml version="1.0" encoding="UTF-8"?>
<!-- Generated by org.testng.reporters.JUnitReportReporter -->
<testsuite hostname="LAPTOP-OOJD2GM0" failures="0" tests="1" name="com.userinterface.ValidateErrorMsg" time="8.802" errors="0" timestamp="2023-07-14T10:42:17 IST" skipped="0">
  <testcase classname="com.userinterface.ValidateErrorMsg" name="ErrorValidation" time="8.802"/>
  <system-out/>
</testsuite> <!-- com.userinterface.ValidateErrorMsg -->
